<?xml version="1.0" encoding="UTF-8"?>
<!-- Generated by org.testng.reporters.JUnitReportReporter -->
<testsuite hostname="LAPTOP-25PJMCFA" failures="0" tests="2" name="testng.demo" time="0.008" errors="0" timestamp="2022-10-31T14:48:51 IST" skipped="0">
  <testcase classname="testng.demo" name="tc2" time="0.007"/>
  <system-out>
    <![CDATA[running tc2]]>
  </system-out>
  <testcase classname="testng.demo" name="tc1" time="0.001"/>
  <system-out>
    <![CDATA[running tc1]]>
  </system-out>
</testsuite> <!-- testng.demo -->
